<?xml version="1.0" encoding="UTF-8"?>
<!-- Generated by org.testng.reporters.JUnitReportReporter -->
<testsuite hostname="DellLaptop" name="Academy.HomePage" tests="1" failures="0" timestamp="20 Dec 2017 20:28:30 GMT" time="0.329" errors="0">
  <testcase name="basePageNavigation" time="0.329" classname="Academy.HomePage"/>
</testsuite> <!-- Academy.HomePage -->
